<?xml version="1.0" encoding="UTF-8"?>
<!-- Generated by org.testng.reporters.JUnitReportReporter -->
<testsuite hostname="DESKTOP-37KGFGS" name="test.App" tests="1" failures="0" timestamp="19 Jul 2019 06:45:42 GMT" time="8.800" errors="0">
  <testcase name="withoutmain" time="8.800" classname="test.App"/>
</testsuite> <!-- test.App -->
